  Silnik2D-SFML.cpp
C:\Users\Arc\Desktop\Polibuda\Strona\Grafika-Projekt\Silnik2D-SFML\Silnik2D-SFML\Bartek\Obiekt.h(78,98): warning C4244: "argument": konwersja z "T" do "T", możliwa utrata danych
          with
          [
              T=unsigned int
          ]
          and
          [
              T=float
          ]
C:\Users\Arc\Desktop\Polibuda\Strona\Grafika-Projekt\Silnik2D-SFML\Silnik2D-SFML\Bartek\Obiekt.h(78,66): warning C4244: "argument": konwersja z "T" do "T", możliwa utrata danych
          with
          [
              T=unsigned int
          ]
          and
          [
              T=float
          ]
C:\Users\Arc\Desktop\Polibuda\Strona\Grafika-Projekt\Silnik2D-SFML\Silnik2D-SFML\Bartek\Obiekt.h(92,70): warning C4244: "argument": konwersja z "float" do "sf::Uint8", możliwa utrata danych
C:\Users\Arc\Desktop\Polibuda\Strona\Grafika-Projekt\Silnik2D-SFML\Silnik2D-SFML\Bartek\Obiekt.h(98,70): warning C4244: "argument": konwersja z "float" do "sf::Uint8", możliwa utrata danych
C:\Users\Arc\Desktop\Polibuda\Strona\Grafika-Projekt\Silnik2D-SFML\Silnik2D-SFML\Bartek\Animacja.h(81,192): warning C4244: "argument": konwersja z "int" do "T", możliwa utrata danych
          with
          [
              T=float
          ]
C:\Users\Arc\Desktop\Polibuda\Strona\Grafika-Projekt\Silnik2D-SFML\Silnik2D-SFML\Bartek\Animacja.h(81,186): warning C4244: "argument": konwersja z "int" do "T", możliwa utrata danych
          with
          [
              T=float
          ]
C:\Users\Arc\Desktop\Polibuda\Strona\Grafika-Projekt\Silnik2D-SFML\Silnik2D-SFML\Bartek\Animacja.h(133,72): warning C4244: "argument": konwersja z "int" do "T", możliwa utrata danych
          with
          [
              T=float
          ]
C:\Users\Arc\Desktop\Polibuda\Strona\Grafika-Projekt\Silnik2D-SFML\Silnik2D-SFML\Bartek\Animacja.h(133,54): warning C4244: "argument": konwersja z "int" do "T", możliwa utrata danych
          with
          [
              T=float
          ]
C:\Users\Arc\Desktop\Polibuda\Strona\Grafika-Projekt\Silnik2D-SFML\Silnik2D-SFML\Sebix\Funkcje.h(208,24): warning C4244: "argument": konwersja z "T" do "unsigned int", możliwa utrata danych
          with
          [
              T=float
          ]
C:\Users\Arc\Desktop\Polibuda\Strona\Grafika-Projekt\Silnik2D-SFML\Silnik2D-SFML\Sebix\Funkcje.h(213,24): warning C4244: "argument": konwersja z "T" do "unsigned int", możliwa utrata danych
          with
          [
              T=float
          ]
C:\Users\Arc\Desktop\Polibuda\Strona\Grafika-Projekt\Silnik2D-SFML\Silnik2D-SFML\Sebix\Moveport.h(232,15): warning C4244: "inicjowanie": konwersja z "float" do "int", możliwa utrata danych
C:\Users\Arc\Desktop\Polibuda\Strona\Grafika-Projekt\Silnik2D-SFML\Silnik2D-SFML\Sebix\Moveport.h(233,15): warning C4244: "inicjowanie": konwersja z "float" do "int", możliwa utrata danych
C:\Users\Arc\Desktop\Polibuda\Strona\Grafika-Projekt\Silnik2D-SFML\Silnik2D-SFML\Sebix\Moveport.h(238,15): warning C4244: "inicjowanie": konwersja z "float" do "int", możliwa utrata danych
C:\Users\Arc\Desktop\Polibuda\Strona\Grafika-Projekt\Silnik2D-SFML\Silnik2D-SFML\Sebix\Moveport.h(239,15): warning C4244: "inicjowanie": konwersja z "float" do "int", możliwa utrata danych
C:\Users\Arc\Desktop\Polibuda\Strona\Grafika-Projekt\Silnik2D-SFML\Silnik2D-SFML\Sebix\Moveport.h(244,15): warning C4244: "inicjowanie": konwersja z "float" do "int", możliwa utrata danych
C:\Users\Arc\Desktop\Polibuda\Strona\Grafika-Projekt\Silnik2D-SFML\Silnik2D-SFML\Sebix\Moveport.h(245,15): warning C4244: "inicjowanie": konwersja z "float" do "int", możliwa utrata danych
C:\Users\Arc\Desktop\Polibuda\Strona\Grafika-Projekt\Silnik2D-SFML\Silnik2D-SFML\Sebix\Moveport.h(250,15): warning C4244: "inicjowanie": konwersja z "float" do "int", możliwa utrata danych
C:\Users\Arc\Desktop\Polibuda\Strona\Grafika-Projekt\Silnik2D-SFML\Silnik2D-SFML\Sebix\Moveport.h(251,15): warning C4244: "inicjowanie": konwersja z "float" do "int", możliwa utrata danych
C:\Users\Arc\Desktop\Polibuda\Strona\Grafika-Projekt\Silnik2D-SFML\Silnik2D-SFML\Sebix\Statystyki.h(2,10): warning C4067: nieoczekiwane tokeny występujące po dyrektywie preprocesora - oczekiwano nowego wiersza
C:\Users\Arc\Desktop\Polibuda\Strona\Grafika-Projekt\Silnik2D-SFML\Silnik2D-SFML\Bartek\Gracz.h(39,1): warning C4305: "argument": obcięcie z "double" do "float"
C:\Users\Arc\Desktop\Polibuda\Strona\Grafika-Projekt\Silnik2D-SFML\Silnik2D-SFML\Bartek\Gracz.h(40,60): warning C4244: "argument": konwersja z "double" do "int", możliwa utrata danych
C:\Users\Arc\Desktop\Polibuda\Strona\Grafika-Projekt\Silnik2D-SFML\Silnik2D-SFML\Bartek\Gracz.h(41,66): warning C4244: "argument": konwersja z "double" do "int", możliwa utrata danych
C:\Users\Arc\Desktop\Polibuda\Strona\Grafika-Projekt\Silnik2D-SFML\Silnik2D-SFML\Bartek\Gracz.h(135,15): warning C4244: "inicjowanie": konwersja z "double" do "int", możliwa utrata danych
C:\Users\Arc\Desktop\Polibuda\Strona\Grafika-Projekt\Silnik2D-SFML\Silnik2D-SFML\Sebix\Zycie.h(2,10): warning C4067: nieoczekiwane tokeny występujące po dyrektywie preprocesora - oczekiwano nowego wiersza
C:\Users\Arc\Desktop\Polibuda\Strona\Grafika-Projekt\Silnik2D-SFML\Silnik2D-SFML\Sebix\Zycie.h(32,17): warning C4244: "inicjowanie": konwersja z "double" do "float", możliwa utrata danych
C:\Users\Arc\Desktop\Polibuda\Strona\Grafika-Projekt\Silnik2D-SFML\Silnik2D-SFML\Sebix\Mana.h(2,10): warning C4067: nieoczekiwane tokeny występujące po dyrektywie preprocesora - oczekiwano nowego wiersza
C:\Users\Arc\Desktop\Polibuda\Strona\Grafika-Projekt\Silnik2D-SFML\Silnik2D-SFML\Sebix\Mana.h(32,17): warning C4244: "inicjowanie": konwersja z "double" do "float", możliwa utrata danych
C:\Users\Arc\Desktop\Polibuda\Strona\Grafika-Projekt\Silnik2D-SFML\Silnik2D-SFML\Sebix\Exp.h(45,17): warning C4244: "inicjowanie": konwersja z "double" do "float", możliwa utrata danych
C:\Users\Arc\Desktop\Polibuda\Strona\Grafika-Projekt\Silnik2D-SFML\Silnik2D-SFML\Sebix\StatInGame.h(2,10): warning C4067: nieoczekiwane tokeny występujące po dyrektywie preprocesora - oczekiwano nowego wiersza
C:\Users\Arc\Desktop\Polibuda\Strona\Grafika-Projekt\Silnik2D-SFML\Silnik2D-SFML\Sebix\StatInGame.h(54,1): warning C4305: "argument": obcięcie z "double" do "float"
C:\Users\Arc\Desktop\Polibuda\Strona\Grafika-Projekt\Silnik2D-SFML\Silnik2D-SFML\Sebix\HUD.h(123,102): warning C4244: "argument": konwersja z "double" do "int", możliwa utrata danych
C:\Users\Arc\Desktop\Polibuda\Strona\Grafika-Projekt\Silnik2D-SFML\Silnik2D-SFML\Sebix\HUD.h(135,49): warning C4244: "=": konwersja z "double" do "float", możliwa utrata danych
C:\Users\Arc\Desktop\Polibuda\Strona\Grafika-Projekt\Silnik2D-SFML\Silnik2D-SFML\Sebix\HUD.h(145,108): warning C4244: "argument": konwersja z "double" do "int", możliwa utrata danych
C:\Users\Arc\Desktop\Polibuda\Strona\Grafika-Projekt\Silnik2D-SFML\Silnik2D-SFML\Sebix\Dialog.h(57,1): warning C4267: "return": konwersja z "size_t" do "int", możliwa utrata danych
C:\Users\Arc\Desktop\Polibuda\Strona\Grafika-Projekt\Silnik2D-SFML\Silnik2D-SFML\Sebix\Dialog.h(148,47): warning C4553: „==”: Wynik wyrażenia nie jest używany; czy chodziło Ci o „=”?
C:\Users\Arc\Desktop\Polibuda\Strona\Grafika-Projekt\Silnik2D-SFML\Silnik2D-SFML\Sebix\Camera.h(10,27): warning C4244: "argument": konwersja z "double" do "float", możliwa utrata danych
C:\Users\Arc\Desktop\Polibuda\Strona\Grafika-Projekt\Silnik2D-SFML\Silnik2D-SFML\Sebix\ObiektOtoczenia.h(2,10): warning C4067: nieoczekiwane tokeny występujące po dyrektywie preprocesora - oczekiwano nowego wiersza
C:\Users\Arc\Desktop\Polibuda\Strona\Grafika-Projekt\Silnik2D-SFML\Silnik2D-SFML\Sebix\ObiektOtoczenia.h(47,18): warning C4244: "=": konwersja z "double" do "int", możliwa utrata danych
C:\Users\Arc\Desktop\Polibuda\Strona\Grafika-Projekt\Silnik2D-SFML\Silnik2D-SFML\Bartek\Mapa.h(24,13): warning C4244: "argument": konwersja z "time_t" do "unsigned int", możliwa utrata danych
C:\Users\Arc\Desktop\Polibuda\Strona\Grafika-Projekt\Silnik2D-SFML\Silnik2D-SFML\Bartek\Mapa.h(58,1): warning C4305: "argument": obcięcie z "double" do "T"
          with
          [
              T=float
          ]
C:\Users\Arc\Desktop\Polibuda\Strona\Grafika-Projekt\Silnik2D-SFML\Silnik2D-SFML\Bartek\Mapa.h(58,1): warning C4267: "argument": konwersja z "size_t" do "int", możliwa utrata danych
C:\Users\Arc\Desktop\Polibuda\Strona\Grafika-Projekt\Silnik2D-SFML\Silnik2D-SFML\Bartek\Mapa.h(169,1): warning C4267: "argument": konwersja z "size_t" do "T", możliwa utrata danych
          with
          [
              T=int
          ]
C:\Users\Arc\Desktop\Polibuda\Strona\Grafika-Projekt\Silnik2D-SFML\Silnik2D-SFML\Bartek\Mapa.h(229,1): warning C4305: "argument": obcięcie z "double" do "T"
          with
          [
              T=float
          ]
C:\Users\Arc\Desktop\Polibuda\Strona\Grafika-Projekt\Silnik2D-SFML\Silnik2D-SFML\Bartek\Mapa.h(229,1): warning C4267: "argument": konwersja z "size_t" do "int", możliwa utrata danych
C:\Users\Arc\Desktop\Polibuda\Strona\Grafika-Projekt\Silnik2D-SFML\Silnik2D-SFML\Bartek\Mapa.h(237,1): warning C4305: "argument": obcięcie z "double" do "T"
          with
          [
              T=float
          ]
C:\Users\Arc\Desktop\Polibuda\Strona\Grafika-Projekt\Silnik2D-SFML\Silnik2D-SFML\Bartek\Mapa.h(237,1): warning C4267: "argument": konwersja z "size_t" do "int", możliwa utrata danych
C:\Users\Arc\Desktop\Polibuda\Strona\Grafika-Projekt\Silnik2D-SFML\Silnik2D-SFML\Bartek\Mapa.h(244,1): warning C4305: "argument": obcięcie z "double" do "T"
          with
          [
              T=float
          ]
C:\Users\Arc\Desktop\Polibuda\Strona\Grafika-Projekt\Silnik2D-SFML\Silnik2D-SFML\Bartek\Mapa.h(244,1): warning C4267: "argument": konwersja z "size_t" do "int", możliwa utrata danych
C:\Users\Arc\Desktop\Polibuda\Strona\Grafika-Projekt\Silnik2D-SFML\Silnik2D-SFML\Bartek\Mapa.h(252,1): warning C4305: "argument": obcięcie z "double" do "T"
          with
          [
              T=float
          ]
C:\Users\Arc\Desktop\Polibuda\Strona\Grafika-Projekt\Silnik2D-SFML\Silnik2D-SFML\Bartek\Mapa.h(252,1): warning C4267: "argument": konwersja z "size_t" do "int", możliwa utrata danych
C:\Users\Arc\Desktop\Polibuda\Strona\Grafika-Projekt\Silnik2D-SFML\Silnik2D-SFML\Bartek\RzucanieZaklec.h(29,1): warning C4305: "argument": obcięcie z "double" do "float"
C:\Users\Arc\Desktop\Polibuda\Strona\Grafika-Projekt\Silnik2D-SFML\Silnik2D-SFML\Bartek\RzucanieZaklec.h(35,1): warning C4305: "argument": obcięcie z "double" do "float"
C:\Users\Arc\Desktop\Polibuda\Strona\Grafika-Projekt\Silnik2D-SFML\Silnik2D-SFML\Bartek\RzucanieZaklec.h(41,10): warning C4244: "inicjowanie": konwersja z "float" do "int", możliwa utrata danych
C:\Users\Arc\Desktop\Polibuda\Strona\Grafika-Projekt\Silnik2D-SFML\Silnik2D-SFML\Bartek\RzucanieZaklec.h(42,10): warning C4244: "inicjowanie": konwersja z "float" do "int", możliwa utrata danych
C:\Users\Arc\Desktop\Polibuda\Strona\Grafika-Projekt\Silnik2D-SFML\Silnik2D-SFML\Bartek\RzucanieZaklec.h(54,1): warning C4267: "return": konwersja z "size_t" do "int", możliwa utrata danych
C:\Users\Arc\Desktop\Polibuda\Strona\Grafika-Projekt\Silnik2D-SFML\Silnik2D-SFML\Bartek\RzucanieZaklec.h(72,55): warning C4244: "argument": konwersja z "double" do "int", możliwa utrata danych
C:\Users\Arc\Desktop\Polibuda\Strona\Grafika-Projekt\Silnik2D-SFML\Silnik2D-SFML\Bartek\RzucanieZaklec.h(82,38): warning C4244: "argument": konwersja z "float" do "int", możliwa utrata danych
C:\Users\Arc\Desktop\Polibuda\Strona\Grafika-Projekt\Silnik2D-SFML\Silnik2D-SFML\Bartek\Dzwiek.h(20,24): warning C4244: "argument": konwersja z "int" do "float", możliwa utrata danych
C:\Users\Arc\Desktop\Polibuda\Strona\Grafika-Projekt\Silnik2D-SFML\Silnik2D-SFML\Bartek\Dzwiek.h(25,29): warning C4244: "argument": konwersja z "int" do "float", możliwa utrata danych
C:\Users\Arc\Desktop\Polibuda\Strona\Grafika-Projekt\Silnik2D-SFML\Silnik2D-SFML\Bartek\Dzwiek.h(43,51): warning C4244: "argument": konwersja z "double" do "float", możliwa utrata danych
C:\Users\Arc\Desktop\Polibuda\Strona\Grafika-Projekt\Silnik2D-SFML\Silnik2D-SFML\Bartek\Gra.h(41,86): warning C4244: "argument": konwersja z "T" do "T", możliwa utrata danych
          with
          [
              T=unsigned int
          ]
          and
          [
              T=float
          ]
C:\Users\Arc\Desktop\Polibuda\Strona\Grafika-Projekt\Silnik2D-SFML\Silnik2D-SFML\Bartek\Gra.h(41,65): warning C4244: "argument": konwersja z "T" do "T", możliwa utrata danych
          with
          [
              T=unsigned int
          ]
          and
          [
              T=float
          ]
C:\Users\Arc\Desktop\Polibuda\Strona\Grafika-Projekt\Silnik2D-SFML\Silnik2D-SFML\Bartek\Gra.h(48,1): warning C4305: "argument": obcięcie z "double" do "T"
          with
          [
              T=float
          ]
C:\Users\Arc\Desktop\Polibuda\Strona\Grafika-Projekt\Silnik2D-SFML\Silnik2D-SFML\Bartek\Gra.h(203,1): warning C4305: "argument": obcięcie z "double" do "float"
C:\Users\Arc\Desktop\Polibuda\Strona\Grafika-Projekt\Silnik2D-SFML\Silnik2D-SFML\Sebix\Creator.h(43,86): warning C4244: "argument": konwersja z "T" do "T", możliwa utrata danych
          with
          [
              T=unsigned int
          ]
          and
          [
              T=float
          ]
C:\Users\Arc\Desktop\Polibuda\Strona\Grafika-Projekt\Silnik2D-SFML\Silnik2D-SFML\Sebix\Creator.h(43,65): warning C4244: "argument": konwersja z "T" do "T", możliwa utrata danych
          with
          [
              T=unsigned int
          ]
          and
          [
              T=float
          ]
C:\Users\Arc\Desktop\Polibuda\Strona\Grafika-Projekt\Silnik2D-SFML\Silnik2D-SFML\Sebix\Creator.h(261,100): warning C4244: "argument": konwersja z "double" do "int", możliwa utrata danych
C:\Users\Arc\Desktop\Polibuda\Strona\Grafika-Projekt\Silnik2D-SFML\Silnik2D-SFML\Sebix\Creator.h(266,47): warning C4244: "=": konwersja z "double" do "float", możliwa utrata danych
C:\Users\Arc\Desktop\Polibuda\Strona\Grafika-Projekt\Silnik2D-SFML\Silnik2D-SFML\Sebix\Creator.h(271,106): warning C4244: "argument": konwersja z "double" do "int", możliwa utrata danych
C:\Users\Arc\Desktop\Polibuda\Strona\Grafika-Projekt\Silnik2D-SFML\Silnik2D-SFML\Sebix\Creator.h(316,1): warning C4305: "argument": obcięcie z "double" do "float"
C:\Users\Arc\Desktop\Polibuda\Strona\Grafika-Projekt\Silnik2D-SFML\Silnik2D-SFML\Przemek\menu.h(32,78): warning C4244: "argument": konwersja z "int" do "T", możliwa utrata danych
          with
          [
              T=float
          ]
C:\Users\Arc\Desktop\Polibuda\Strona\Grafika-Projekt\Silnik2D-SFML\Silnik2D-SFML\Przemek\menu.h(32,52): warning C4244: "argument": konwersja z "int" do "T", możliwa utrata danych
          with
          [
              T=float
          ]
C:\Users\Arc\Desktop\Polibuda\Strona\Grafika-Projekt\Silnik2D-SFML\Silnik2D-SFML\Przemek\menu.h(40,73): warning C4244: "argument": konwersja z "int" do "T", możliwa utrata danych
          with
          [
              T=float
          ]
C:\Users\Arc\Desktop\Polibuda\Strona\Grafika-Projekt\Silnik2D-SFML\Silnik2D-SFML\Przemek\menu.h(40,52): warning C4244: "argument": konwersja z "int" do "T", możliwa utrata danych
          with
          [
              T=float
          ]
C:\Users\Arc\Desktop\Polibuda\Strona\Grafika-Projekt\Silnik2D-SFML\Silnik2D-SFML\Przemek\menu.h(48,78): warning C4244: "argument": konwersja z "int" do "T", możliwa utrata danych
          with
          [
              T=float
          ]
C:\Users\Arc\Desktop\Polibuda\Strona\Grafika-Projekt\Silnik2D-SFML\Silnik2D-SFML\Przemek\menu.h(48,52): warning C4244: "argument": konwersja z "int" do "T", możliwa utrata danych
          with
          [
              T=float
          ]
C:\Users\Arc\Desktop\Polibuda\Strona\Grafika-Projekt\Silnik2D-SFML\Silnik2D-SFML\Bartek\Engine.h(79,78): warning C4244: "argument": konwersja z "float" do "unsigned int", możliwa utrata danych
C:\Users\Arc\Desktop\Polibuda\Strona\Grafika-Projekt\Silnik2D-SFML\Silnik2D-SFML\Bartek\Engine.h(79,58): warning C4244: "argument": konwersja z "float" do "unsigned int", możliwa utrata danych
C:\Users\Arc\Desktop\Polibuda\Strona\Grafika-Projekt\Silnik2D-SFML\Silnik2D-SFML\Bartek\Engine.h(177,56): warning C4244: "argument": konwersja z "float" do "T", możliwa utrata danych
          with
          [
              T=unsigned int
          ]
C:\Users\Arc\Desktop\Polibuda\Strona\Grafika-Projekt\Silnik2D-SFML\Silnik2D-SFML\Bartek\Engine.h(177,36): warning C4244: "argument": konwersja z "float" do "T", możliwa utrata danych
          with
          [
              T=unsigned int
          ]
  Trwa generowanie kodu
  3 of 1097 functions ( 0.3%) were compiled, the rest were copied from previous compilation.
    0 functions were new in current compilation
    2 functions had inline decision re-evaluated but remain unchanged
  Zakończono generowanie kodu
  Silnik2D-SFML.vcxproj -> C:\Users\Arc\Desktop\Polibuda\Strona\Grafika-Projekt\Silnik2D-SFML\x64\Release\Silnik2D-SFML.exe
